01:38:36 INFO  : updated workspace path: /home/Yiann/Projects/DASD/tarea03_dasd
01:38:36 INFO  : bash, -c, source /home/Yiann/FORGE/Xilinx/Vitis/2024.2/tps/lnx64/lopper-1.1.0/env/bin/activate && python /home/Yiann/FORGE/Xilinx/Vitis/2024.2/data/embeddedsw/scripts/pyesw//repo.py -st   /home/Yiann/FORGE/Xilinx/Vitis/2024.2/data/embeddedsw && deactivate
01:38:37 INFO  : Successfully created repository data at /home/Yiann/Projects/DASD/tarea03_dasd/_ide/.wsdata
01:38:37 INFO  : bash, -c, source /home/Yiann/FORGE/Xilinx/Vitis/2024.2/tps/lnx64/lopper-1.1.0/env/bin/activate && python /home/Yiann/FORGE/Xilinx/Vitis/2024.2/data/embeddedsw/scripts/pyesw//get_template_data.py -d /tmp/rigel_lopper_Yiann16044570535413527 -r /home/Yiann/Projects/DASD/tarea03_dasd/_ide/.wsdata/.repo.yaml && deactivate
01:38:37 INFO  : Embedded Template List generated successfully
04:29:41 INFO  : bash, -c, source /home/Yiann/FORGE/Xilinx/Vitis/2024.2/tps/lnx64/lopper-1.1.0/env/bin/activate && lopper -O  . /home/Yiann/Projects/DASD/tarea03_dasd/Tarea3-VITIS/platform/hw/sdt/system-top.dts -- baremetal_getsupported_comp_xlnx ps7_cortexa9_0 /home/Yiann/Projects/DASD/tarea03_dasd/_ide/.wsdata/.repo.yaml && deactivate
04:29:42 INFO  : Supported Library List generated.
04:31:41 INFO  : BSP build will be initiated for Domain standalone_ps7_cortexa9_0
04:31:41 INFO  : Generating BSP for the domain /home/Yiann/Projects/DASD/tarea03_dasd/Tarea3-VITIS/platform/ps7_cortexa9_0/standalone_ps7_cortexa9_0/bsp
04:31:41 INFO  : BSP build will be initiated for Domain zynq_fsbl
04:31:41 INFO  : lopper command to reconfigure BSP :python /home/Yiann/FORGE/Xilinx/Vitis/2024.2/data/embeddedsw/scripts/pyesw//reconfig_bsp.py -d /home/Yiann/Projects/DASD/tarea03_dasd/Tarea3-VITIS/platform/ps7_cortexa9_0/standalone_ps7_cortexa9_0/bsp
04:31:41 INFO  : Generating BSP for the domain /home/Yiann/Projects/DASD/tarea03_dasd/Tarea3-VITIS/platform/zynq_fsbl/zynq_fsbl_bsp
04:31:41 INFO  : lopper command to reconfigure BSP :python /home/Yiann/FORGE/Xilinx/Vitis/2024.2/data/embeddedsw/scripts/pyesw//reconfig_bsp.py -d /home/Yiann/Projects/DASD/tarea03_dasd/Tarea3-VITIS/platform/zynq_fsbl/zynq_fsbl_bsp
04:31:41 INFO  : bash, -c, source /home/Yiann/FORGE/Xilinx/Vitis/2024.2/tps/lnx64/lopper-1.1.0/env/bin/activate && python /home/Yiann/FORGE/Xilinx/Vitis/2024.2/data/embeddedsw/scripts/pyesw//reconfig_bsp.py -d /home/Yiann/Projects/DASD/tarea03_dasd/Tarea3-VITIS/platform/ps7_cortexa9_0/standalone_ps7_cortexa9_0/bsp && deactivate
04:31:41 INFO  : bash, -c, source /home/Yiann/FORGE/Xilinx/Vitis/2024.2/tps/lnx64/lopper-1.1.0/env/bin/activate && python /home/Yiann/FORGE/Xilinx/Vitis/2024.2/data/embeddedsw/scripts/pyesw//reconfig_bsp.py -d /home/Yiann/Projects/DASD/tarea03_dasd/Tarea3-VITIS/platform/zynq_fsbl/zynq_fsbl_bsp && deactivate
04:31:43 INFO  : Domain reconfigured successfully
04:31:43 INFO  : Generating BSP for the domain /home/Yiann/Projects/DASD/tarea03_dasd/Tarea3-VITIS/platform/ps7_cortexa9_0/standalone_ps7_cortexa9_0/bsp
04:31:43 INFO  : lopper command to build BSP :python /home/Yiann/FORGE/Xilinx/Vitis/2024.2/data/embeddedsw/scripts/pyesw//build_bsp.py -d /home/Yiann/Projects/DASD/tarea03_dasd/Tarea3-VITIS/platform/ps7_cortexa9_0/standalone_ps7_cortexa9_0/bsp
04:31:43 INFO  : bash, -c, source /home/Yiann/FORGE/Xilinx/Vitis/2024.2/tps/lnx64/lopper-1.1.0/env/bin/activate && python /home/Yiann/FORGE/Xilinx/Vitis/2024.2/data/embeddedsw/scripts/pyesw//build_bsp.py -d /home/Yiann/Projects/DASD/tarea03_dasd/Tarea3-VITIS/platform/ps7_cortexa9_0/standalone_ps7_cortexa9_0/bsp && deactivate
04:31:43 INFO  : Domain reconfigured successfully
04:31:43 INFO  : Generating BSP for the domain /home/Yiann/Projects/DASD/tarea03_dasd/Tarea3-VITIS/platform/zynq_fsbl/zynq_fsbl_bsp
04:31:43 INFO  : lopper command to build BSP :python /home/Yiann/FORGE/Xilinx/Vitis/2024.2/data/embeddedsw/scripts/pyesw//build_bsp.py -d /home/Yiann/Projects/DASD/tarea03_dasd/Tarea3-VITIS/platform/zynq_fsbl/zynq_fsbl_bsp
04:31:43 INFO  : bash, -c, source /home/Yiann/FORGE/Xilinx/Vitis/2024.2/tps/lnx64/lopper-1.1.0/env/bin/activate && python /home/Yiann/FORGE/Xilinx/Vitis/2024.2/data/embeddedsw/scripts/pyesw//build_bsp.py -d /home/Yiann/Projects/DASD/tarea03_dasd/Tarea3-VITIS/platform/zynq_fsbl/zynq_fsbl_bsp && deactivate
04:31:47 INFO  : Domain build successfully
04:31:47 INFO  : Domain build successfully
04:31:47 INFO  : Generating Boot ELFs
04:31:47 INFO  : lopper command to retarget baremetal application :python /home/Yiann/FORGE/Xilinx/Vitis/2024.2/data/embeddedsw/scripts/pyesw//retarget_app.py -s /home/Yiann/Projects/DASD/tarea03_dasd/Tarea3-VITIS/platform/zynq_fsbl -d /home/Yiann/Projects/DASD/tarea03_dasd/Tarea3-VITIS/platform/zynq_fsbl/zynq_fsbl_bsp -b /home/Yiann/Projects/DASD/tarea03_dasd/Tarea3-VITIS/platform/zynq_fsbl/build
04:31:47 INFO  : bash, -c, source /home/Yiann/FORGE/Xilinx/Vitis/2024.2/tps/lnx64/lopper-1.1.0/env/bin/activate && python /home/Yiann/FORGE/Xilinx/Vitis/2024.2/data/embeddedsw/scripts/pyesw//retarget_app.py -s /home/Yiann/Projects/DASD/tarea03_dasd/Tarea3-VITIS/platform/zynq_fsbl -d /home/Yiann/Projects/DASD/tarea03_dasd/Tarea3-VITIS/platform/zynq_fsbl/zynq_fsbl_bsp -b /home/Yiann/Projects/DASD/tarea03_dasd/Tarea3-VITIS/platform/zynq_fsbl/build && deactivate
04:31:47 INFO  : Successfully retargeted Application /home/Yiann/Projects/DASD/tarea03_dasd/Tarea3-VITIS/platform/zynq_fsbl
04:31:47 INFO  : lopper command to build baremetal application :python /home/Yiann/FORGE/Xilinx/Vitis/2024.2/data/embeddedsw/scripts/pyesw//build_app.py -s /home/Yiann/Projects/DASD/tarea03_dasd/Tarea3-VITIS/platform/zynq_fsbl -b /home/Yiann/Projects/DASD/tarea03_dasd/Tarea3-VITIS/platform/zynq_fsbl/build
04:31:47 INFO  : bash, -c, source /home/Yiann/FORGE/Xilinx/Vitis/2024.2/tps/lnx64/lopper-1.1.0/env/bin/activate && python /home/Yiann/FORGE/Xilinx/Vitis/2024.2/data/embeddedsw/scripts/pyesw//build_app.py -s /home/Yiann/Projects/DASD/tarea03_dasd/Tarea3-VITIS/platform/zynq_fsbl -b /home/Yiann/Projects/DASD/tarea03_dasd/Tarea3-VITIS/platform/zynq_fsbl/build && deactivate
04:31:49 INFO  : Successfully building the baremetal application/home/Yiann/Projects/DASD/tarea03_dasd/Tarea3-VITIS/platform/zynq_fsbl/build
04:31:49 INFO  : Generating Export directory
04:31:49 INFO  : Platform Build Finished successfully.
04:31:49 INFO  : lopper command to retarget baremetal application :python /home/Yiann/FORGE/Xilinx/Vitis/2024.2/data/embeddedsw/scripts/pyesw//retarget_app.py -s /home/Yiann/Projects/DASD/tarea03_dasd/Tarea3-VITIS/hello_world/src -d /home/Yiann/Projects/DASD/tarea03_dasd/Tarea3-VITIS/platform/export/platform/sw/standalone_ps7_cortexa9_0 -b /home/Yiann/Projects/DASD/tarea03_dasd/Tarea3-VITIS/hello_world/build
04:31:49 INFO  : bash, -c, source /home/Yiann/FORGE/Xilinx/Vitis/2024.2/tps/lnx64/lopper-1.1.0/env/bin/activate && python /home/Yiann/FORGE/Xilinx/Vitis/2024.2/data/embeddedsw/scripts/pyesw//retarget_app.py -s /home/Yiann/Projects/DASD/tarea03_dasd/Tarea3-VITIS/hello_world/src -d /home/Yiann/Projects/DASD/tarea03_dasd/Tarea3-VITIS/platform/export/platform/sw/standalone_ps7_cortexa9_0 -b /home/Yiann/Projects/DASD/tarea03_dasd/Tarea3-VITIS/hello_world/build && deactivate
04:31:50 INFO  : Successfully retargeted Application /home/Yiann/Projects/DASD/tarea03_dasd/Tarea3-VITIS/hello_world/src
04:31:50 INFO  : bash, -c, source /home/Yiann/FORGE/Xilinx/Vitis/2024.2/tps/lnx64/lopper-1.1.0/env/bin/activate && python /home/Yiann/FORGE/Xilinx/Vitis/2024.2/data/embeddedsw/scripts/pyesw//build_app.py -s /home/Yiann/Projects/DASD/tarea03_dasd/Tarea3-VITIS/hello_world/src -b /home/Yiann/Projects/DASD/tarea03_dasd/Tarea3-VITIS/hello_world/build && deactivate
04:31:52 ERROR : hello_world build failed. 
04:32:39 INFO  : BSP build will be initiated for Domain zynq_fsbl
04:32:39 INFO  : BSP build will be initiated for Domain standalone_ps7_cortexa9_0
04:32:39 INFO  : Generating BSP for the domain /home/Yiann/Projects/DASD/tarea03_dasd/Tarea3-VITIS/platform/ps7_cortexa9_0/standalone_ps7_cortexa9_0/bsp
04:32:39 INFO  : Generating BSP for the domain /home/Yiann/Projects/DASD/tarea03_dasd/Tarea3-VITIS/platform/zynq_fsbl/zynq_fsbl_bsp
04:32:39 INFO  : lopper command to reconfigure BSP :python /home/Yiann/FORGE/Xilinx/Vitis/2024.2/data/embeddedsw/scripts/pyesw//reconfig_bsp.py -d /home/Yiann/Projects/DASD/tarea03_dasd/Tarea3-VITIS/platform/zynq_fsbl/zynq_fsbl_bsp
04:32:39 INFO  : lopper command to reconfigure BSP :python /home/Yiann/FORGE/Xilinx/Vitis/2024.2/data/embeddedsw/scripts/pyesw//reconfig_bsp.py -d /home/Yiann/Projects/DASD/tarea03_dasd/Tarea3-VITIS/platform/ps7_cortexa9_0/standalone_ps7_cortexa9_0/bsp
04:32:39 INFO  : bash, -c, source /home/Yiann/FORGE/Xilinx/Vitis/2024.2/tps/lnx64/lopper-1.1.0/env/bin/activate && python /home/Yiann/FORGE/Xilinx/Vitis/2024.2/data/embeddedsw/scripts/pyesw//reconfig_bsp.py -d /home/Yiann/Projects/DASD/tarea03_dasd/Tarea3-VITIS/platform/zynq_fsbl/zynq_fsbl_bsp && deactivate
04:32:39 INFO  : bash, -c, source /home/Yiann/FORGE/Xilinx/Vitis/2024.2/tps/lnx64/lopper-1.1.0/env/bin/activate && python /home/Yiann/FORGE/Xilinx/Vitis/2024.2/data/embeddedsw/scripts/pyesw//reconfig_bsp.py -d /home/Yiann/Projects/DASD/tarea03_dasd/Tarea3-VITIS/platform/ps7_cortexa9_0/standalone_ps7_cortexa9_0/bsp && deactivate
04:32:39 INFO  : Domain reconfigured successfully
04:32:39 INFO  : Generating BSP for the domain /home/Yiann/Projects/DASD/tarea03_dasd/Tarea3-VITIS/platform/ps7_cortexa9_0/standalone_ps7_cortexa9_0/bsp
04:32:39 INFO  : lopper command to build BSP :python /home/Yiann/FORGE/Xilinx/Vitis/2024.2/data/embeddedsw/scripts/pyesw//build_bsp.py -d /home/Yiann/Projects/DASD/tarea03_dasd/Tarea3-VITIS/platform/ps7_cortexa9_0/standalone_ps7_cortexa9_0/bsp
04:32:39 INFO  : bash, -c, source /home/Yiann/FORGE/Xilinx/Vitis/2024.2/tps/lnx64/lopper-1.1.0/env/bin/activate && python /home/Yiann/FORGE/Xilinx/Vitis/2024.2/data/embeddedsw/scripts/pyesw//build_bsp.py -d /home/Yiann/Projects/DASD/tarea03_dasd/Tarea3-VITIS/platform/ps7_cortexa9_0/standalone_ps7_cortexa9_0/bsp && deactivate
04:32:39 INFO  : Domain reconfigured successfully
04:32:39 INFO  : Generating BSP for the domain /home/Yiann/Projects/DASD/tarea03_dasd/Tarea3-VITIS/platform/zynq_fsbl/zynq_fsbl_bsp
04:32:39 INFO  : lopper command to build BSP :python /home/Yiann/FORGE/Xilinx/Vitis/2024.2/data/embeddedsw/scripts/pyesw//build_bsp.py -d /home/Yiann/Projects/DASD/tarea03_dasd/Tarea3-VITIS/platform/zynq_fsbl/zynq_fsbl_bsp
04:32:39 INFO  : bash, -c, source /home/Yiann/FORGE/Xilinx/Vitis/2024.2/tps/lnx64/lopper-1.1.0/env/bin/activate && python /home/Yiann/FORGE/Xilinx/Vitis/2024.2/data/embeddedsw/scripts/pyesw//build_bsp.py -d /home/Yiann/Projects/DASD/tarea03_dasd/Tarea3-VITIS/platform/zynq_fsbl/zynq_fsbl_bsp && deactivate
04:32:39 INFO  : Domain build successfully
04:32:39 INFO  : Domain build successfully
04:32:39 INFO  : Generating Boot ELFs
04:32:39 INFO  : lopper command to retarget baremetal application :python /home/Yiann/FORGE/Xilinx/Vitis/2024.2/data/embeddedsw/scripts/pyesw//retarget_app.py -s /home/Yiann/Projects/DASD/tarea03_dasd/Tarea3-VITIS/platform/zynq_fsbl -d /home/Yiann/Projects/DASD/tarea03_dasd/Tarea3-VITIS/platform/zynq_fsbl/zynq_fsbl_bsp -b /home/Yiann/Projects/DASD/tarea03_dasd/Tarea3-VITIS/platform/zynq_fsbl/build
04:32:39 INFO  : bash, -c, source /home/Yiann/FORGE/Xilinx/Vitis/2024.2/tps/lnx64/lopper-1.1.0/env/bin/activate && python /home/Yiann/FORGE/Xilinx/Vitis/2024.2/data/embeddedsw/scripts/pyesw//retarget_app.py -s /home/Yiann/Projects/DASD/tarea03_dasd/Tarea3-VITIS/platform/zynq_fsbl -d /home/Yiann/Projects/DASD/tarea03_dasd/Tarea3-VITIS/platform/zynq_fsbl/zynq_fsbl_bsp -b /home/Yiann/Projects/DASD/tarea03_dasd/Tarea3-VITIS/platform/zynq_fsbl/build && deactivate
04:32:39 INFO  : Successfully retargeted Application /home/Yiann/Projects/DASD/tarea03_dasd/Tarea3-VITIS/platform/zynq_fsbl
04:32:39 INFO  : lopper command to build baremetal application :python /home/Yiann/FORGE/Xilinx/Vitis/2024.2/data/embeddedsw/scripts/pyesw//build_app.py -s /home/Yiann/Projects/DASD/tarea03_dasd/Tarea3-VITIS/platform/zynq_fsbl -b /home/Yiann/Projects/DASD/tarea03_dasd/Tarea3-VITIS/platform/zynq_fsbl/build
04:32:39 INFO  : bash, -c, source /home/Yiann/FORGE/Xilinx/Vitis/2024.2/tps/lnx64/lopper-1.1.0/env/bin/activate && python /home/Yiann/FORGE/Xilinx/Vitis/2024.2/data/embeddedsw/scripts/pyesw//build_app.py -s /home/Yiann/Projects/DASD/tarea03_dasd/Tarea3-VITIS/platform/zynq_fsbl -b /home/Yiann/Projects/DASD/tarea03_dasd/Tarea3-VITIS/platform/zynq_fsbl/build && deactivate
04:32:40 INFO  : Successfully building the baremetal application/home/Yiann/Projects/DASD/tarea03_dasd/Tarea3-VITIS/platform/zynq_fsbl/build
04:32:40 INFO  : Generating Export directory
04:32:40 INFO  : Platform Build Finished successfully.
04:32:40 INFO  : lopper command to retarget baremetal application :python /home/Yiann/FORGE/Xilinx/Vitis/2024.2/data/embeddedsw/scripts/pyesw//retarget_app.py -s /home/Yiann/Projects/DASD/tarea03_dasd/Tarea3-VITIS/hello_world/src -d /home/Yiann/Projects/DASD/tarea03_dasd/Tarea3-VITIS/platform/export/platform/sw/standalone_ps7_cortexa9_0 -b /home/Yiann/Projects/DASD/tarea03_dasd/Tarea3-VITIS/hello_world/build
04:32:40 INFO  : bash, -c, source /home/Yiann/FORGE/Xilinx/Vitis/2024.2/tps/lnx64/lopper-1.1.0/env/bin/activate && python /home/Yiann/FORGE/Xilinx/Vitis/2024.2/data/embeddedsw/scripts/pyesw//retarget_app.py -s /home/Yiann/Projects/DASD/tarea03_dasd/Tarea3-VITIS/hello_world/src -d /home/Yiann/Projects/DASD/tarea03_dasd/Tarea3-VITIS/platform/export/platform/sw/standalone_ps7_cortexa9_0 -b /home/Yiann/Projects/DASD/tarea03_dasd/Tarea3-VITIS/hello_world/build && deactivate
04:32:40 INFO  : Successfully retargeted Application /home/Yiann/Projects/DASD/tarea03_dasd/Tarea3-VITIS/hello_world/src
04:32:40 INFO  : bash, -c, source /home/Yiann/FORGE/Xilinx/Vitis/2024.2/tps/lnx64/lopper-1.1.0/env/bin/activate && python /home/Yiann/FORGE/Xilinx/Vitis/2024.2/data/embeddedsw/scripts/pyesw//build_app.py -s /home/Yiann/Projects/DASD/tarea03_dasd/Tarea3-VITIS/hello_world/src -b /home/Yiann/Projects/DASD/tarea03_dasd/Tarea3-VITIS/hello_world/build && deactivate
04:32:41 ERROR : hello_world build failed. 
04:33:40 INFO  : BSP build will be initiated for Domain zynq_fsbl
04:33:40 INFO  : BSP build will be initiated for Domain standalone_ps7_cortexa9_0
04:33:40 INFO  : Generating BSP for the domain /home/Yiann/Projects/DASD/tarea03_dasd/Tarea3-VITIS/platform/zynq_fsbl/zynq_fsbl_bsp
04:33:40 INFO  : Generating BSP for the domain /home/Yiann/Projects/DASD/tarea03_dasd/Tarea3-VITIS/platform/ps7_cortexa9_0/standalone_ps7_cortexa9_0/bsp
04:33:40 INFO  : lopper command to reconfigure BSP :python /home/Yiann/FORGE/Xilinx/Vitis/2024.2/data/embeddedsw/scripts/pyesw//reconfig_bsp.py -d /home/Yiann/Projects/DASD/tarea03_dasd/Tarea3-VITIS/platform/ps7_cortexa9_0/standalone_ps7_cortexa9_0/bsp
04:33:40 INFO  : lopper command to reconfigure BSP :python /home/Yiann/FORGE/Xilinx/Vitis/2024.2/data/embeddedsw/scripts/pyesw//reconfig_bsp.py -d /home/Yiann/Projects/DASD/tarea03_dasd/Tarea3-VITIS/platform/zynq_fsbl/zynq_fsbl_bsp
04:33:40 INFO  : bash, -c, source /home/Yiann/FORGE/Xilinx/Vitis/2024.2/tps/lnx64/lopper-1.1.0/env/bin/activate && python /home/Yiann/FORGE/Xilinx/Vitis/2024.2/data/embeddedsw/scripts/pyesw//reconfig_bsp.py -d /home/Yiann/Projects/DASD/tarea03_dasd/Tarea3-VITIS/platform/ps7_cortexa9_0/standalone_ps7_cortexa9_0/bsp && deactivate
04:33:40 INFO  : bash, -c, source /home/Yiann/FORGE/Xilinx/Vitis/2024.2/tps/lnx64/lopper-1.1.0/env/bin/activate && python /home/Yiann/FORGE/Xilinx/Vitis/2024.2/data/embeddedsw/scripts/pyesw//reconfig_bsp.py -d /home/Yiann/Projects/DASD/tarea03_dasd/Tarea3-VITIS/platform/zynq_fsbl/zynq_fsbl_bsp && deactivate
04:33:40 INFO  : Domain reconfigured successfully
04:33:40 INFO  : Generating BSP for the domain /home/Yiann/Projects/DASD/tarea03_dasd/Tarea3-VITIS/platform/ps7_cortexa9_0/standalone_ps7_cortexa9_0/bsp
04:33:40 INFO  : lopper command to build BSP :python /home/Yiann/FORGE/Xilinx/Vitis/2024.2/data/embeddedsw/scripts/pyesw//build_bsp.py -d /home/Yiann/Projects/DASD/tarea03_dasd/Tarea3-VITIS/platform/ps7_cortexa9_0/standalone_ps7_cortexa9_0/bsp
04:33:40 INFO  : bash, -c, source /home/Yiann/FORGE/Xilinx/Vitis/2024.2/tps/lnx64/lopper-1.1.0/env/bin/activate && python /home/Yiann/FORGE/Xilinx/Vitis/2024.2/data/embeddedsw/scripts/pyesw//build_bsp.py -d /home/Yiann/Projects/DASD/tarea03_dasd/Tarea3-VITIS/platform/ps7_cortexa9_0/standalone_ps7_cortexa9_0/bsp && deactivate
04:33:40 INFO  : Domain reconfigured successfully
04:33:40 INFO  : Generating BSP for the domain /home/Yiann/Projects/DASD/tarea03_dasd/Tarea3-VITIS/platform/zynq_fsbl/zynq_fsbl_bsp
04:33:40 INFO  : lopper command to build BSP :python /home/Yiann/FORGE/Xilinx/Vitis/2024.2/data/embeddedsw/scripts/pyesw//build_bsp.py -d /home/Yiann/Projects/DASD/tarea03_dasd/Tarea3-VITIS/platform/zynq_fsbl/zynq_fsbl_bsp
04:33:40 INFO  : bash, -c, source /home/Yiann/FORGE/Xilinx/Vitis/2024.2/tps/lnx64/lopper-1.1.0/env/bin/activate && python /home/Yiann/FORGE/Xilinx/Vitis/2024.2/data/embeddedsw/scripts/pyesw//build_bsp.py -d /home/Yiann/Projects/DASD/tarea03_dasd/Tarea3-VITIS/platform/zynq_fsbl/zynq_fsbl_bsp && deactivate
04:33:40 INFO  : Domain build successfully
04:33:41 INFO  : Domain build successfully
04:33:41 INFO  : Generating Boot ELFs
04:33:41 INFO  : lopper command to retarget baremetal application :python /home/Yiann/FORGE/Xilinx/Vitis/2024.2/data/embeddedsw/scripts/pyesw//retarget_app.py -s /home/Yiann/Projects/DASD/tarea03_dasd/Tarea3-VITIS/platform/zynq_fsbl -d /home/Yiann/Projects/DASD/tarea03_dasd/Tarea3-VITIS/platform/zynq_fsbl/zynq_fsbl_bsp -b /home/Yiann/Projects/DASD/tarea03_dasd/Tarea3-VITIS/platform/zynq_fsbl/build
04:33:41 INFO  : bash, -c, source /home/Yiann/FORGE/Xilinx/Vitis/2024.2/tps/lnx64/lopper-1.1.0/env/bin/activate && python /home/Yiann/FORGE/Xilinx/Vitis/2024.2/data/embeddedsw/scripts/pyesw//retarget_app.py -s /home/Yiann/Projects/DASD/tarea03_dasd/Tarea3-VITIS/platform/zynq_fsbl -d /home/Yiann/Projects/DASD/tarea03_dasd/Tarea3-VITIS/platform/zynq_fsbl/zynq_fsbl_bsp -b /home/Yiann/Projects/DASD/tarea03_dasd/Tarea3-VITIS/platform/zynq_fsbl/build && deactivate
04:33:41 INFO  : Successfully retargeted Application /home/Yiann/Projects/DASD/tarea03_dasd/Tarea3-VITIS/platform/zynq_fsbl
04:33:41 INFO  : lopper command to build baremetal application :python /home/Yiann/FORGE/Xilinx/Vitis/2024.2/data/embeddedsw/scripts/pyesw//build_app.py -s /home/Yiann/Projects/DASD/tarea03_dasd/Tarea3-VITIS/platform/zynq_fsbl -b /home/Yiann/Projects/DASD/tarea03_dasd/Tarea3-VITIS/platform/zynq_fsbl/build
04:33:41 INFO  : bash, -c, source /home/Yiann/FORGE/Xilinx/Vitis/2024.2/tps/lnx64/lopper-1.1.0/env/bin/activate && python /home/Yiann/FORGE/Xilinx/Vitis/2024.2/data/embeddedsw/scripts/pyesw//build_app.py -s /home/Yiann/Projects/DASD/tarea03_dasd/Tarea3-VITIS/platform/zynq_fsbl -b /home/Yiann/Projects/DASD/tarea03_dasd/Tarea3-VITIS/platform/zynq_fsbl/build && deactivate
04:33:42 INFO  : Successfully building the baremetal application/home/Yiann/Projects/DASD/tarea03_dasd/Tarea3-VITIS/platform/zynq_fsbl/build
04:33:42 INFO  : Generating Export directory
04:33:42 INFO  : Platform Build Finished successfully.
04:33:42 INFO  : lopper command to retarget baremetal application :python /home/Yiann/FORGE/Xilinx/Vitis/2024.2/data/embeddedsw/scripts/pyesw//retarget_app.py -s /home/Yiann/Projects/DASD/tarea03_dasd/Tarea3-VITIS/hello_world/src -d /home/Yiann/Projects/DASD/tarea03_dasd/Tarea3-VITIS/platform/export/platform/sw/standalone_ps7_cortexa9_0 -b /home/Yiann/Projects/DASD/tarea03_dasd/Tarea3-VITIS/hello_world/build
04:33:42 INFO  : bash, -c, source /home/Yiann/FORGE/Xilinx/Vitis/2024.2/tps/lnx64/lopper-1.1.0/env/bin/activate && python /home/Yiann/FORGE/Xilinx/Vitis/2024.2/data/embeddedsw/scripts/pyesw//retarget_app.py -s /home/Yiann/Projects/DASD/tarea03_dasd/Tarea3-VITIS/hello_world/src -d /home/Yiann/Projects/DASD/tarea03_dasd/Tarea3-VITIS/platform/export/platform/sw/standalone_ps7_cortexa9_0 -b /home/Yiann/Projects/DASD/tarea03_dasd/Tarea3-VITIS/hello_world/build && deactivate
04:33:42 INFO  : Successfully retargeted Application /home/Yiann/Projects/DASD/tarea03_dasd/Tarea3-VITIS/hello_world/src
04:33:42 INFO  : bash, -c, source /home/Yiann/FORGE/Xilinx/Vitis/2024.2/tps/lnx64/lopper-1.1.0/env/bin/activate && python /home/Yiann/FORGE/Xilinx/Vitis/2024.2/data/embeddedsw/scripts/pyesw//build_app.py -s /home/Yiann/Projects/DASD/tarea03_dasd/Tarea3-VITIS/hello_world/src -b /home/Yiann/Projects/DASD/tarea03_dasd/Tarea3-VITIS/hello_world/build && deactivate
