
*** Running vivado
    with args -log design_1_axiregs_0_0.vds -m64 -product Vivado -mode batch -messageDb vivado.pb -notrace -source design_1_axiregs_0_0.tcl


****** Vivado v2024.2 (64-bit)
  **** SW Build 5239630 on Fri Nov 08 22:34:34 MST 2024
  **** IP Build 5239520 on Sun Nov 10 16:12:51 MST 2024
  **** SharedData Build 5239561 on Fri Nov 08 14:39:27 MST 2024
  **** Start of session at: Thu Jun 25 13:26:35 2026
    ** Copyright 1986-2022 Xilinx, Inc. All Rights Reserved.
    ** Copyright 2022-2024 Advanced Micro Devices, Inc. All Rights Reserved.

source design_1_axiregs_0_0.tcl -notrace
create_project: Time (s): cpu = 00:00:07 ; elapsed = 00:00:07 . Memory (MB): peak = 1436.566 ; gain = 105.836 ; free physical = 168 ; free virtual = 8591
INFO: [IP_Flow 19-234] Refreshing IP repositories
INFO: [IP_Flow 19-1700] Loaded user IP repository '/home/Yiann/Projects/DASD/Tarea3/xilinx.com_user_axiregs_1.0'.
INFO: [IP_Flow 19-2313] Loaded Vivado IP repository '/home/Yiann/FORGE/Xilinx/Vivado/2024.2/data/ip'.
INFO: [IP_Flow 19-6924] IPCACHE: Running cache check for IP inst: design_1_axiregs_0_0
Command: synth_design -top design_1_axiregs_0_0 -part xc7z020clg400-1 -incremental_mode off -mode out_of_context
Starting synth_design
Attempting to get a license for feature 'Synthesis' and/or device 'xc7z020'
INFO: [Common 17-349] Got license for feature 'Synthesis' and/or device 'xc7z020'
INFO: [Device 21-403] Loading part xc7z020clg400-1
INFO: [Synth 8-7079] Multithreading enabled for synth_design using a maximum of 7 processes.
INFO: [Synth 8-7078] Launching helper process for spawning children vivado processes
INFO: [Synth 8-7075] Helper process launched with PID 706011
---------------------------------------------------------------------------------
Starting RTL Elaboration : Time (s): cpu = 00:00:05 ; elapsed = 00:00:18 . Memory (MB): peak = 2082.055 ; gain = 418.797 ; free physical = 687 ; free virtual = 2999
---------------------------------------------------------------------------------
INFO: [Synth 8-6157] synthesizing module 'design_1_axiregs_0_0' [/home/Yiann/Projects/DASD/Tarea3/Tarea3.gen/sources_1/bd/design_1/ip/design_1_axiregs_0_0/synth/design_1_axiregs_0_0.v:53]
INFO: [Synth 8-6157] synthesizing module 'axiregs_v1_0' [/home/Yiann/Projects/DASD/Tarea3/Tarea3.gen/sources_1/bd/design_1/ipshared/deb0/hdl/axiregs_v1_0.v:4]
INFO: [Synth 8-6157] synthesizing module 'axiregs_v1_0_S00_AXI' [/home/Yiann/Projects/DASD/Tarea3/Tarea3.gen/sources_1/bd/design_1/ipshared/deb0/hdl/axiregs_v1_0_S00_AXI.v:4]
INFO: [Synth 8-226] default block is never used [/home/Yiann/Projects/DASD/Tarea3/Tarea3.gen/sources_1/bd/design_1/ipshared/deb0/hdl/axiregs_v1_0_S00_AXI.v:356]
INFO: [Synth 8-6155] done synthesizing module 'axiregs_v1_0_S00_AXI' (0#1) [/home/Yiann/Projects/DASD/Tarea3/Tarea3.gen/sources_1/bd/design_1/ipshared/deb0/hdl/axiregs_v1_0_S00_AXI.v:4]
INFO: [Synth 8-6155] done synthesizing module 'axiregs_v1_0' (0#1) [/home/Yiann/Projects/DASD/Tarea3/Tarea3.gen/sources_1/bd/design_1/ipshared/deb0/hdl/axiregs_v1_0.v:4]
INFO: [Synth 8-6155] done synthesizing module 'design_1_axiregs_0_0' (0#1) [/home/Yiann/Projects/DASD/Tarea3/Tarea3.gen/sources_1/bd/design_1/ip/design_1_axiregs_0_0/synth/design_1_axiregs_0_0.v:53]
WARNING: [Synth 8-7129] Port S_AXI_AWPROT[2] in module axiregs_v1_0_S00_AXI is either unconnected or has no load
WARNING: [Synth 8-7129] Port S_AXI_AWPROT[1] in module axiregs_v1_0_S00_AXI is either unconnected or has no load
WARNING: [Synth 8-7129] Port S_AXI_AWPROT[0] in module axiregs_v1_0_S00_AXI is either unconnected or has no load
WARNING: [Synth 8-7129] Port S_AXI_ARPROT[2] in module axiregs_v1_0_S00_AXI is either unconnected or has no load
WARNING: [Synth 8-7129] Port S_AXI_ARPROT[1] in module axiregs_v1_0_S00_AXI is either unconnected or has no load
WARNING: [Synth 8-7129] Port S_AXI_ARPROT[0] in module axiregs_v1_0_S00_AXI is either unconnected or has no load
---------------------------------------------------------------------------------
Finished RTL Elaboration : Time (s): cpu = 00:00:07 ; elapsed = 00:00:26 . Memory (MB): peak = 2160.992 ; gain = 497.734 ; free physical = 238 ; free virtual = 1777
---------------------------------------------------------------------------------
---------------------------------------------------------------------------------
Start Handling Custom Attributes
---------------------------------------------------------------------------------
---------------------------------------------------------------------------------
Finished Handling Custom Attributes : Time (s): cpu = 00:00:07 ; elapsed = 00:00:27 . Memory (MB): peak = 2175.836 ; gain = 512.578 ; free physical = 262 ; free virtual = 1698
---------------------------------------------------------------------------------
---------------------------------------------------------------------------------
Finished RTL Optimization Phase 1 : Time (s): cpu = 00:00:07 ; elapsed = 00:00:27 . Memory (MB): peak = 2175.836 ; gain = 512.578 ; free physical = 263 ; free virtual = 1699
---------------------------------------------------------------------------------
Netlist sorting complete. Time (s): cpu = 00:00:00.01 ; elapsed = 00:00:00 . Memory (MB): peak = 2175.836 ; gain = 0.000 ; free physical = 213 ; free virtual = 1683
INFO: [Project 1-570] Preparing netlist for logic optimization

Processing XDC Constraints
Initializing timing engine
Completed Processing XDC Constraints

Netlist sorting complete. Time (s): cpu = 00:00:00 ; elapsed = 00:00:00 . Memory (MB): peak = 2322.586 ; gain = 0.000 ; free physical = 272 ; free virtual = 1400
INFO: [Project 1-111] Unisim Transformation Summary:
No Unisim elements were transformed.

Constraint Validation Runtime : Time (s): cpu = 00:00:00.02 ; elapsed = 00:00:00.04 . Memory (MB): peak = 2322.586 ; gain = 0.000 ; free physical = 228 ; free virtual = 1390
INFO: [Designutils 20-5008] Incremental synthesis strategy off
---------------------------------------------------------------------------------
Finished Constraint Validation : Time (s): cpu = 00:00:14 ; elapsed = 00:00:42 . Memory (MB): peak = 2322.586 ; gain = 659.328 ; free physical = 179 ; free virtual = 1011
---------------------------------------------------------------------------------
---------------------------------------------------------------------------------
Start Loading Part and Timing Information
---------------------------------------------------------------------------------
Loading part: xc7z020clg400-1
---------------------------------------------------------------------------------
Finished Loading Part and Timing Information : Time (s): cpu = 00:00:14 ; elapsed = 00:00:42 . Memory (MB): peak = 2330.590 ; gain = 667.332 ; free physical = 174 ; free virtual = 1017
---------------------------------------------------------------------------------
---------------------------------------------------------------------------------
Start Applying 'set_property' XDC Constraints
---------------------------------------------------------------------------------
---------------------------------------------------------------------------------
Finished applying 'set_property' XDC Constraints : Time (s): cpu = 00:00:14 ; elapsed = 00:00:42 . Memory (MB): peak = 2330.590 ; gain = 667.332 ; free physical = 166 ; free virtual = 1019
---------------------------------------------------------------------------------
---------------------------------------------------------------------------------
Finished RTL Optimization Phase 2 : Time (s): cpu = 00:00:15 ; elapsed = 00:00:43 . Memory (MB): peak = 2330.590 ; gain = 667.332 ; free physical = 289 ; free virtual = 992
---------------------------------------------------------------------------------
---------------------------------------------------------------------------------
Start RTL Component Statistics 
---------------------------------------------------------------------------------
Detailed RTL Component Info : 
+---Registers : 
	               32 Bit    Registers := 3     
	                4 Bit    Registers := 2     
	                2 Bit    Registers := 2     
	                1 Bit    Registers := 6     
+---Muxes : 
	   2 Input   32 Bit        Muxes := 6     
	   4 Input   32 Bit        Muxes := 1     
	   2 Input    1 Bit        Muxes := 5     
---------------------------------------------------------------------------------
Finished RTL Component Statistics 
---------------------------------------------------------------------------------
---------------------------------------------------------------------------------
Start Part Resource Summary
---------------------------------------------------------------------------------
Part Resources:
DSPs: 220 (col length:60)
BRAMs: 280 (col length: RAMB18 60 RAMB36 30)
---------------------------------------------------------------------------------
Finished Part Resource Summary
---------------------------------------------------------------------------------
---------------------------------------------------------------------------------
Start Cross Boundary and Area Optimization
---------------------------------------------------------------------------------
WARNING: [Synth 8-7080] Parallel synthesis criteria is not met
WARNING: [Synth 8-7129] Port s00_axi_awprot[2] in module design_1_axiregs_0_0 is either unconnected or has no load
WARNING: [Synth 8-7129] Port s00_axi_awprot[1] in module design_1_axiregs_0_0 is either unconnected or has no load
WARNING: [Synth 8-7129] Port s00_axi_awprot[0] in module design_1_axiregs_0_0 is either unconnected or has no load
WARNING: [Synth 8-7129] Port s00_axi_arprot[2] in module design_1_axiregs_0_0 is either unconnected or has no load
WARNING: [Synth 8-7129] Port s00_axi_arprot[1] in module design_1_axiregs_0_0 is either unconnected or has no load
WARNING: [Synth 8-7129] Port s00_axi_arprot[0] in module design_1_axiregs_0_0 is either unconnected or has no load
---------------------------------------------------------------------------------
Finished Cross Boundary and Area Optimization : Time (s): cpu = 00:00:16 ; elapsed = 00:00:46 . Memory (MB): peak = 2330.590 ; gain = 667.332 ; free physical = 162 ; free virtual = 971
---------------------------------------------------------------------------------
---------------------------------------------------------------------------------
Start Applying XDC Timing Constraints
---------------------------------------------------------------------------------
---------------------------------------------------------------------------------
Finished Applying XDC Timing Constraints : Time (s): cpu = 00:00:23 ; elapsed = 00:00:55 . Memory (MB): peak = 2354.590 ; gain = 691.332 ; free physical = 236 ; free virtual = 1976
---------------------------------------------------------------------------------
---------------------------------------------------------------------------------
Start Timing Optimization
---------------------------------------------------------------------------------
---------------------------------------------------------------------------------
Finished Timing Optimization : Time (s): cpu = 00:00:23 ; elapsed = 00:00:55 . Memory (MB): peak = 2355.590 ; gain = 692.332 ; free physical = 226 ; free virtual = 1956
---------------------------------------------------------------------------------
---------------------------------------------------------------------------------
Start Technology Mapping
---------------------------------------------------------------------------------
---------------------------------------------------------------------------------
Finished Technology Mapping : Time (s): cpu = 00:00:23 ; elapsed = 00:00:55 . Memory (MB): peak = 2365.613 ; gain = 702.355 ; free physical = 248 ; free virtual = 1934
---------------------------------------------------------------------------------
---------------------------------------------------------------------------------
Start IO Insertion
---------------------------------------------------------------------------------
---------------------------------------------------------------------------------
Start Flattening Before IO Insertion
---------------------------------------------------------------------------------
---------------------------------------------------------------------------------
Finished Flattening Before IO Insertion
---------------------------------------------------------------------------------
---------------------------------------------------------------------------------
Start Final Netlist Cleanup
---------------------------------------------------------------------------------
---------------------------------------------------------------------------------
Finished Final Netlist Cleanup
---------------------------------------------------------------------------------
---------------------------------------------------------------------------------
Finished IO Insertion : Time (s): cpu = 00:00:26 ; elapsed = 00:01:08 . Memory (MB): peak = 2527.426 ; gain = 864.168 ; free physical = 215 ; free virtual = 1061
---------------------------------------------------------------------------------
---------------------------------------------------------------------------------
Start Renaming Generated Instances
---------------------------------------------------------------------------------
---------------------------------------------------------------------------------
Finished Renaming Generated Instances : Time (s): cpu = 00:00:26 ; elapsed = 00:01:08 . Memory (MB): peak = 2527.426 ; gain = 864.168 ; free physical = 214 ; free virtual = 1052
---------------------------------------------------------------------------------
---------------------------------------------------------------------------------
Start Rebuilding User Hierarchy
---------------------------------------------------------------------------------
---------------------------------------------------------------------------------
Finished Rebuilding User Hierarchy : Time (s): cpu = 00:00:26 ; elapsed = 00:01:08 . Memory (MB): peak = 2527.426 ; gain = 864.168 ; free physical = 217 ; free virtual = 1050
---------------------------------------------------------------------------------
---------------------------------------------------------------------------------
Start Renaming Generated Ports
---------------------------------------------------------------------------------
---------------------------------------------------------------------------------
Finished Renaming Generated Ports : Time (s): cpu = 00:00:26 ; elapsed = 00:01:08 . Memory (MB): peak = 2527.426 ; gain = 864.168 ; free physical = 219 ; free virtual = 1051
---------------------------------------------------------------------------------
---------------------------------------------------------------------------------
Start Handling Custom Attributes
---------------------------------------------------------------------------------
---------------------------------------------------------------------------------
Finished Handling Custom Attributes : Time (s): cpu = 00:00:26 ; elapsed = 00:01:08 . Memory (MB): peak = 2527.426 ; gain = 864.168 ; free physical = 210 ; free virtual = 1042
---------------------------------------------------------------------------------
---------------------------------------------------------------------------------
Start Renaming Generated Nets
---------------------------------------------------------------------------------
---------------------------------------------------------------------------------
Finished Renaming Generated Nets : Time (s): cpu = 00:00:26 ; elapsed = 00:01:08 . Memory (MB): peak = 2527.426 ; gain = 864.168 ; free physical = 212 ; free virtual = 1043
---------------------------------------------------------------------------------
---------------------------------------------------------------------------------
Start Writing Synthesis Report
---------------------------------------------------------------------------------

Report BlackBoxes: 
+-+--------------+----------+
| |BlackBox name |Instances |
+-+--------------+----------+
+-+--------------+----------+

Report Cell Usage: 
+------+-----+------+
|      |Cell |Count |
+------+-----+------+
|1     |LUT1 |     1|
|2     |LUT2 |     1|
|3     |LUT3 |     1|
|4     |LUT4 |    14|
|5     |LUT6 |    36|
|6     |FDRE |   105|
|7     |FDSE |     1|
+------+-----+------+
---------------------------------------------------------------------------------
Finished Writing Synthesis Report : Time (s): cpu = 00:00:26 ; elapsed = 00:01:08 . Memory (MB): peak = 2527.426 ; gain = 864.168 ; free physical = 213 ; free virtual = 1039
---------------------------------------------------------------------------------
Synthesis finished with 0 errors, 0 critical warnings and 7 warnings.
Synthesis Optimization Runtime : Time (s): cpu = 00:00:24 ; elapsed = 00:01:04 . Memory (MB): peak = 2527.426 ; gain = 717.418 ; free physical = 191 ; free virtual = 914
Synthesis Optimization Complete : Time (s): cpu = 00:00:26 ; elapsed = 00:01:09 . Memory (MB): peak = 2527.434 ; gain = 864.168 ; free physical = 202 ; free virtual = 908
INFO: [Project 1-571] Translating synthesized netlist
Netlist sorting complete. Time (s): cpu = 00:00:00.01 ; elapsed = 00:00:00.06 . Memory (MB): peak = 2527.434 ; gain = 0.000 ; free physical = 281 ; free virtual = 928
INFO: [Project 1-570] Preparing netlist for logic optimization
INFO: [Opt 31-138] Pushed 0 inverter(s) to 0 load pin(s).
Netlist sorting complete. Time (s): cpu = 00:00:00 ; elapsed = 00:00:00.04 . Memory (MB): peak = 2583.453 ; gain = 0.000 ; free physical = 181 ; free virtual = 766
INFO: [Project 1-111] Unisim Transformation Summary:
No Unisim elements were transformed.

Synth Design complete | Checksum: 575541ee
INFO: [Common 17-83] Releasing license: Synthesis
24 Infos, 13 Warnings, 0 Critical Warnings and 0 Errors encountered.
synth_design completed successfully
synth_design: Time (s): cpu = 00:00:32 ; elapsed = 00:04:11 . Memory (MB): peak = 2583.453 ; gain = 1126.074 ; free physical = 212 ; free virtual = 652
INFO: [Common 17-2834] synth_design peak Physical Memory [PSS] (MB): overall = 909.627; main = 860.060; forked = 188.673
INFO: [Common 17-2834] synth_design peak Virtual Memory [VSS] (MB): overall = 3509.844; main = 2583.457; forked = 947.828
Write ShapeDB Complete: Time (s): cpu = 00:00:00 ; elapsed = 00:00:00.66 . Memory (MB): peak = 2607.465 ; gain = 0.000 ; free physical = 215 ; free virtual = 868
INFO: [Common 17-1381] The checkpoint '/home/Yiann/Projects/DASD/Tarea3/Tarea3.runs/design_1_axiregs_0_0_synth_1/design_1_axiregs_0_0.dcp' has been generated.
write_checkpoint: Time (s): cpu = 00:00:00.03 ; elapsed = 00:10:52 . Memory (MB): peak = 2607.465 ; gain = 24.012 ; free physical = 240 ; free virtual = 899
INFO: [Coretcl 2-1648] Added synthesis output to IP cache for IP design_1_axiregs_0_0, cache-ID = 3c910789b8d845b2
INFO: [Coretcl 2-1174] Renamed 2 cell refs.
Write ShapeDB Complete: Time (s): cpu = 00:00:00 ; elapsed = 00:00:00.5 . Memory (MB): peak = 2607.465 ; gain = 0.000 ; free physical = 164 ; free virtual = 778
INFO: [Common 17-1381] The checkpoint '/home/Yiann/Projects/DASD/Tarea3/Tarea3.runs/design_1_axiregs_0_0_synth_1/design_1_axiregs_0_0.dcp' has been generated.
write_checkpoint: Time (s): cpu = 00:00:00.11 ; elapsed = 00:00:07 . Memory (MB): peak = 2607.465 ; gain = 0.000 ; free physical = 152 ; free virtual = 720
INFO: [Vivado 12-24828] Executing command : report_utilization -file design_1_axiregs_0_0_utilization_synth.rpt -pb design_1_axiregs_0_0_utilization_synth.pb
INFO: [Common 17-206] Exiting Vivado at Thu Jun 25 13:42:44 2026...
